<?xml version="1.0" encoding="UTF-8"?>
<testng-results skipped="0" failed="0" ignored="0" total="1" passed="1">
  <reporter-output>
  </reporter-output>
  <suite name="Suite" duration-ms="70453" started-at="2020-05-31T02:12:56 IST" finished-at="2020-05-31T02:14:07 IST">
    <groups>
      <group name="cucumber">
        <method signature="AbstractTestNGCucumberTests.feature(cucumber.api.testng.CucumberFeatureWrapper)[pri:0, instance:Runner.RunCuke@2353b3e6]" name="feature" class="cucumber.api.testng.AbstractTestNGCucumberTests"/>
      </group> <!-- cucumber -->
    </groups>
    <test name="Test" duration-ms="70453" started-at="2020-05-31T02:12:56 IST" finished-at="2020-05-31T02:14:07 IST">
      <class name="Runner.RunCuke">
        <test-method status="PASS" signature="setUpClass()[pri:0, instance:Runner.RunCuke@2353b3e6]" name="setUpClass" is-config="true" duration-ms="221" started-at="2020-05-31T02:12:57 IST" finished-at="2020-05-31T02:12:57 IST">
          <reporter-output>
          </reporter-output>
        </test-method> <!-- setUpClass -->
        <test-method status="PASS" signature="feature(cucumber.api.testng.CucumberFeatureWrapper)[pri:0, instance:Runner.RunCuke@2353b3e6]" name="feature" duration-ms="70132" started-at="2020-05-31T02:12:57 IST" description="Runs Cucumber Feature" data-provider="features" finished-at="2020-05-31T02:14:07 IST">
          <params>
            <param index="0">
              <value>
                <![CDATA[Navigate into Survey Module of an existing campus]]>
              </value>
            </param>
          </params>
          <reporter-output>
          </reporter-output>
        </test-method> <!-- feature -->
        <test-method status="PASS" signature="tearDownClass()[pri:0, instance:Runner.RunCuke@2353b3e6]" name="tearDownClass" is-config="true" duration-ms="2" started-at="2020-05-31T02:14:07 IST" finished-at="2020-05-31T02:14:07 IST">
          <reporter-output>
          </reporter-output>
        </test-method> <!-- tearDownClass -->
      </class> <!-- Runner.RunCuke -->
    </test> <!-- Test -->
  </suite> <!-- Suite -->
</testng-results>
